{
  "stats": {
    "suites": 1,
    "tests": 5,
    "passes": 0,
    "pending": 0,
    "failures": 5,
    "start": "2023-08-31T07:24:20.382Z",
    "end": "2023-08-31T07:24:23.029Z",
    "duration": 2647,
    "testsRegistered": 5,
    "passPercent": 0,
    "pendingPercent": 0,
    "other": 0,
    "hasOther": false,
    "skipped": 0,
    "hasSkipped": false
  },
  "results": [
    {
      "uuid": "149e2057-ae3b-4d3a-87d3-cb12a807f468",
      "title": "",
      "fullFile": "cypress/e2e/APIAutomation/UnitTestScripts/GetAPITestScripts/get_user_dependent.cy.js",
      "file": "cypress/e2e/APIAutomation/UnitTestScripts/GetAPITestScripts/get_user_dependent.cy.js",
      "beforeHooks": [],
      "afterHooks": [],
      "tests": [],
      "suites": [
        {
          "uuid": "6d8734ba-a2ae-4588-82f9-996b9d3181d9",
          "title": "Get User Dependent Unit Test Scripts",
          "fullFile": "",
          "file": "",
          "beforeHooks": [],
          "afterHooks": [],
          "tests": [
            {
              "title": "Get User Dependent with Positive Case",
              "fullTitle": "Get User Dependent Unit Test Scripts Get User Dependent with Positive Case",
              "timedOut": null,
              "duration": 451,
              "state": "failed",
              "speed": null,
              "pass": false,
              "fail": true,
              "pending": false,
              "context": "{\n  \"title\": \"cypress-mochawesome-reporter-screenshots\",\n  \"value\": [\n    [\n      \"/get_user_dependent.cy.js/Get User Dependent Unit Test Scripts -- Get User Dependent with Positive Case (failed).png\"\n    ]\n  ]\n}",
              "code": "gm.getProfileMethods('GET', userDependentUrl, usercode).then(response => {\n  expect(response.status).to.be.eq(200);\n});",
              "err": {
                "message": "AssertionError: expected 503 to equal 200",
                "estack": "AssertionError: expected 503 to equal 200\n    at Context.eval (webpack:///./cypress/e2e/APIAutomation/UnitTestScripts/GetAPITestScripts/get_user_dependent.cy.js:19:42)",
                "diff": "- 503\n+ 200\n"
              },
              "uuid": "136c6f3b-5b64-49ac-b789-0c864dfa4ec9",
              "parentUUID": "6d8734ba-a2ae-4588-82f9-996b9d3181d9",
              "isHook": false,
              "skipped": false
            },
            {
              "title": "Get User Dependent with Incorrect Method",
              "fullTitle": "Get User Dependent Unit Test Scripts Get User Dependent with Incorrect Method",
              "timedOut": null,
              "duration": 401,
              "state": "failed",
              "speed": null,
              "pass": false,
              "fail": true,
              "pending": false,
              "context": "{\n  \"title\": \"cypress-mochawesome-reporter-screenshots\",\n  \"value\": [\n    [\n      \"/get_user_dependent.cy.js/Get User Dependent Unit Test Scripts -- Get User Dependent with Incorrect Method (failed).png\"\n    ]\n  ]\n}",
              "code": "gm.getProfileMethods('POST', userDependentUrl, usercode).then(response => {\n  expect(response.status).to.be.eq(415);\n  expect(response.body).to.have.property('type').to.be.a('String');\n  expect(response.body).to.have.property('title').to.be.a('String');\n  expect(response.body).to.have.property('title').contain('Unsupported Media Type');\n  expect(response.body).to.have.property('status').to.be.a('number');\n  expect(response.body).to.have.property('traceId').to.be.a('String');\n});",
              "err": {
                "message": "AssertionError: expected 503 to equal 415",
                "estack": "AssertionError: expected 503 to equal 415\n    at Context.eval (webpack:///./cypress/e2e/APIAutomation/UnitTestScripts/GetAPITestScripts/get_user_dependent.cy.js:29:42)",
                "diff": "- 503\n+ 415\n"
              },
              "uuid": "74deeca4-858e-4685-beb2-d9cdea6dee3b",
              "parentUUID": "6d8734ba-a2ae-4588-82f9-996b9d3181d9",
              "isHook": false,
              "skipped": false
            },
            {
              "title": "Get User Dependent with Invalid Method",
              "fullTitle": "Get User Dependent Unit Test Scripts Get User Dependent with Invalid Method",
              "timedOut": null,
              "duration": 338,
              "state": "failed",
              "speed": null,
              "pass": false,
              "fail": true,
              "pending": false,
              "context": "{\n  \"title\": \"cypress-mochawesome-reporter-screenshots\",\n  \"value\": [\n    [\n      \"/get_user_dependent.cy.js/Get User Dependent Unit Test Scripts -- Get User Dependent with Invalid Method (failed).png\"\n    ]\n  ]\n}",
              "code": "gm.getProfileMethods('DEL', userDependentUrl, usercode).then(response => {\n  expect(response.status).to.be.eq(415);\n});",
              "err": {
                "message": "CypressError: `cy.request()` was called with an invalid method: `DEL`. Method can be: `GET`, `POST`, `PUT`, `DELETE`, `PATCH`, `HEAD`, `OPTIONS`, or any other method supported by Node's HTTP parser.\n\nhttps://on.cypress.io/request",
                "estack": "CypressError: `cy.request()` was called with an invalid method: `DEL`. Method can be: `GET`, `POST`, `PUT`, `DELETE`, `PATCH`, `HEAD`, `OPTIONS`, or any other method supported by Node's HTTP parser.\n\nhttps://on.cypress.io/request\n    at Context.request (http://localhost:4200/__cypress/runner/cypress_runner.js:149091:78)\n    at wrapped (http://localhost:4200/__cypress/runner/cypress_runner.js:160808:43)\nFrom Your Spec Code:\n    at Context.ee (webpack:///./node_modules/cypress-plugin-api/dist/support.js:14:2002)",
                "diff": null
              },
              "uuid": "5f144959-35a5-4c8f-a1fb-853892f745b6",
              "parentUUID": "6d8734ba-a2ae-4588-82f9-996b9d3181d9",
              "isHook": false,
              "skipped": false
            },
            {
              "title": "Get User Dependent with Incorrect URL",
              "fullTitle": "Get User Dependent Unit Test Scripts Get User Dependent with Incorrect URL",
              "timedOut": null,
              "duration": 561,
              "state": "failed",
              "speed": null,
              "pass": false,
              "fail": true,
              "pending": false,
              "context": "{\n  \"title\": \"cypress-mochawesome-reporter-screenshots\",\n  \"value\": [\n    [\n      \"/get_user_dependent.cy.js/Get User Dependent Unit Test Scripts -- Get User Dependent with Incorrect URL (failed).png\"\n    ]\n  ]\n}",
              "code": "gm.getProfileMethods('GET', incorrectUserDependentUrl, usercode).then(response => {\n  expect(response.status).to.be.eq(200);\n});",
              "err": {
                "message": "AssertionError: expected 503 to equal 200",
                "estack": "AssertionError: expected 503 to equal 200\n    at Context.eval (webpack:///./cypress/e2e/APIAutomation/UnitTestScripts/GetAPITestScripts/get_user_dependent.cy.js:53:42)",
                "diff": "- 503\n+ 200\n"
              },
              "uuid": "8f759609-1e2c-4181-9138-b600e795c91c",
              "parentUUID": "6d8734ba-a2ae-4588-82f9-996b9d3181d9",
              "isHook": false,
              "skipped": false
            },
            {
              "title": "Get User Dependent with Invalid URL",
              "fullTitle": "Get User Dependent Unit Test Scripts Get User Dependent with Invalid URL",
              "timedOut": null,
              "duration": 569,
              "state": "failed",
              "speed": null,
              "pass": false,
              "fail": true,
              "pending": false,
              "context": "{\n  \"title\": \"cypress-mochawesome-reporter-screenshots\",\n  \"value\": [\n    [\n      \"/get_user_dependent.cy.js/Get User Dependent Unit Test Scripts -- Get User Dependent with Invalid URL (failed).png\"\n    ]\n  ]\n}",
              "code": "gm.getProfileMethods('GET', incorrectUserDependentUrl, usercode).then(response => {\n  expect(response.status).to.be.eq(200);\n});",
              "err": {
                "message": "AssertionError: expected 503 to equal 200",
                "estack": "AssertionError: expected 503 to equal 200\n    at Context.eval (webpack:///./cypress/e2e/APIAutomation/UnitTestScripts/GetAPITestScripts/get_user_dependent.cy.js:63:42)",
                "diff": "- 503\n+ 200\n"
              },
              "uuid": "78ba32d1-7a99-4731-96c1-c9b23250cea2",
              "parentUUID": "6d8734ba-a2ae-4588-82f9-996b9d3181d9",
              "isHook": false,
              "skipped": false
            }
          ],
          "suites": [],
          "passes": [],
          "failures": [
            "136c6f3b-5b64-49ac-b789-0c864dfa4ec9",
            "74deeca4-858e-4685-beb2-d9cdea6dee3b",
            "5f144959-35a5-4c8f-a1fb-853892f745b6",
            "8f759609-1e2c-4181-9138-b600e795c91c",
            "78ba32d1-7a99-4731-96c1-c9b23250cea2"
          ],
          "pending": [],
          "skipped": [],
          "duration": 2320,
          "root": false,
          "rootEmpty": false,
          "_timeout": 2000
        }
      ],
      "passes": [],
      "failures": [],
      "pending": [],
      "skipped": [],
      "duration": 0,
      "root": true,
      "rootEmpty": true,
      "_timeout": 2000
    }
  ],
  "meta": {
    "mocha": {
      "version": "7.0.1"
    },
    "mochawesome": {
      "options": {
        "quiet": false,
        "reportFilename": "mochawesome",
        "saveHtml": false,
        "saveJson": true,
        "consoleReporter": "spec",
        "useInlineDiffs": false,
        "code": true
      },
      "version": "7.1.3"
    },
    "marge": {
      "options": {
        "overwrite": false,
        "html": false,
        "json": true,
        "reportDir": "cypress/reports/html/.jsons"
      },
      "version": "6.2.0"
    }
  }
}