{
  "stats": {
    "suites": 1,
    "tests": 5,
    "passes": 0,
    "pending": 0,
    "failures": 5,
    "start": "2023-08-31T07:24:07.845Z",
    "end": "2023-08-31T07:24:10.065Z",
    "duration": 2220,
    "testsRegistered": 5,
    "passPercent": 0,
    "pendingPercent": 0,
    "other": 0,
    "hasOther": false,
    "skipped": 0,
    "hasSkipped": false
  },
  "results": [
    {
      "uuid": "33abe02e-22e7-4f2c-9151-c9122ad8aad3",
      "title": "",
      "fullFile": "cypress/e2e/APIAutomation/UnitTestScripts/GetAPITestScripts/get_member_details.cy.js",
      "file": "cypress/e2e/APIAutomation/UnitTestScripts/GetAPITestScripts/get_member_details.cy.js",
      "beforeHooks": [],
      "afterHooks": [],
      "tests": [],
      "suites": [
        {
          "uuid": "4bd6ae2e-af9f-42fc-ba99-5675608927b4",
          "title": "Get Member Details Unit Test Scripts",
          "fullFile": "",
          "file": "",
          "beforeHooks": [],
          "afterHooks": [],
          "tests": [
            {
              "title": "Get User Investments with Positive Case",
              "fullTitle": "Get Member Details Unit Test Scripts Get User Investments with Positive Case",
              "timedOut": null,
              "duration": 429,
              "state": "failed",
              "speed": null,
              "pass": false,
              "fail": true,
              "pending": false,
              "context": "{\n  \"title\": \"cypress-mochawesome-reporter-screenshots\",\n  \"value\": [\n    [\n      \"/get_member_details.cy.js/Get Member Details Unit Test Scripts -- Get User Investments with Positive Case (failed).png\"\n    ]\n  ]\n}",
              "code": "gm.getProfileMethods('GET', userMemberDetailsUrl, usercode).then(response => {\n  expect(response.status).to.be.eq(200);\n});",
              "err": {
                "message": "AssertionError: expected 503 to equal 200",
                "estack": "AssertionError: expected 503 to equal 200\n    at Context.eval (webpack:///./cypress/e2e/APIAutomation/UnitTestScripts/GetAPITestScripts/get_member_details.cy.js:19:42)",
                "diff": "- 503\n+ 200\n"
              },
              "uuid": "ebce9542-746f-4ed8-9423-cc66661f8967",
              "parentUUID": "4bd6ae2e-af9f-42fc-ba99-5675608927b4",
              "isHook": false,
              "skipped": false
            },
            {
              "title": "Get Member Details with Incorrect Method",
              "fullTitle": "Get Member Details Unit Test Scripts Get Member Details with Incorrect Method",
              "timedOut": null,
              "duration": 380,
              "state": "failed",
              "speed": null,
              "pass": false,
              "fail": true,
              "pending": false,
              "context": "{\n  \"title\": \"cypress-mochawesome-reporter-screenshots\",\n  \"value\": [\n    [\n      \"/get_member_details.cy.js/Get Member Details Unit Test Scripts -- Get Member Details with Incorrect Method (failed).png\"\n    ]\n  ]\n}",
              "code": "gm.getProfileMethods('POST', userMemberDetailsUrl, usercode).then(response => {\n  expect(response.status).to.be.eq(415);\n  expect(response.body).to.have.property('type').to.be.a('String');\n  expect(response.body).to.have.property('title').to.be.a('String');\n  expect(response.body).to.have.property('title').contain('Unsupported Media Type');\n  expect(response.body).to.have.property('status').to.be.a('number');\n  expect(response.body).to.have.property('traceId').to.be.a('String');\n});",
              "err": {
                "message": "AssertionError: expected 503 to equal 415",
                "estack": "AssertionError: expected 503 to equal 415\n    at Context.eval (webpack:///./cypress/e2e/APIAutomation/UnitTestScripts/GetAPITestScripts/get_member_details.cy.js:29:42)",
                "diff": "- 503\n+ 415\n"
              },
              "uuid": "92e0422b-e7d9-4e95-b7d9-f7c054d3a876",
              "parentUUID": "4bd6ae2e-af9f-42fc-ba99-5675608927b4",
              "isHook": false,
              "skipped": false
            },
            {
              "title": "Get Member Details with Invalid Method",
              "fullTitle": "Get Member Details Unit Test Scripts Get Member Details with Invalid Method",
              "timedOut": null,
              "duration": 383,
              "state": "failed",
              "speed": null,
              "pass": false,
              "fail": true,
              "pending": false,
              "context": "{\n  \"title\": \"cypress-mochawesome-reporter-screenshots\",\n  \"value\": [\n    [\n      \"/get_member_details.cy.js/Get Member Details Unit Test Scripts -- Get Member Details with Invalid Method (failed).png\"\n    ]\n  ]\n}",
              "code": "gm.getProfileMethods('DELETE', userMemberDetailsUrl, usercode).then(response => {\n  expect(response.status).to.be.eq(415);\n});",
              "err": {
                "message": "AssertionError: expected 503 to equal 415",
                "estack": "AssertionError: expected 503 to equal 415\n    at Context.eval (webpack:///./cypress/e2e/APIAutomation/UnitTestScripts/GetAPITestScripts/get_member_details.cy.js:43:42)",
                "diff": "- 503\n+ 415\n"
              },
              "uuid": "780be787-f514-42c8-b96c-7197decb1495",
              "parentUUID": "4bd6ae2e-af9f-42fc-ba99-5675608927b4",
              "isHook": false,
              "skipped": false
            },
            {
              "title": "Get Member Details with Incorrect URL",
              "fullTitle": "Get Member Details Unit Test Scripts Get Member Details with Incorrect URL",
              "timedOut": null,
              "duration": 498,
              "state": "failed",
              "speed": null,
              "pass": false,
              "fail": true,
              "pending": false,
              "context": "{\n  \"title\": \"cypress-mochawesome-reporter-screenshots\",\n  \"value\": [\n    [\n      \"/get_member_details.cy.js/Get Member Details Unit Test Scripts -- Get Member Details with Incorrect URL (failed).png\"\n    ]\n  ]\n}",
              "code": "gm.getProfileMethods('GET', incorrecuserMemberDetailsUrl, usercode).then(response => {\n  expect(response.status).to.be.eq(200);\n});",
              "err": {
                "message": "AssertionError: expected 503 to equal 200",
                "estack": "AssertionError: expected 503 to equal 200\n    at Context.eval (webpack:///./cypress/e2e/APIAutomation/UnitTestScripts/GetAPITestScripts/get_member_details.cy.js:53:42)",
                "diff": "- 503\n+ 200\n"
              },
              "uuid": "81d2f94f-dd8a-478b-87f4-a6d91fda8209",
              "parentUUID": "4bd6ae2e-af9f-42fc-ba99-5675608927b4",
              "isHook": false,
              "skipped": false
            },
            {
              "title": "Get Member Details with Invalid URL",
              "fullTitle": "Get Member Details Unit Test Scripts Get Member Details with Invalid URL",
              "timedOut": null,
              "duration": 443,
              "state": "failed",
              "speed": null,
              "pass": false,
              "fail": true,
              "pending": false,
              "context": "{\n  \"title\": \"cypress-mochawesome-reporter-screenshots\",\n  \"value\": [\n    [\n      \"/get_member_details.cy.js/Get Member Details Unit Test Scripts -- Get Member Details with Invalid URL (failed).png\"\n    ]\n  ]\n}",
              "code": "gm.getProfileMethods('GET', incorrecuserMemberDetailsUrl, usercode).then(response => {\n  expect(response.status).to.be.eq(200);\n});",
              "err": {
                "message": "AssertionError: expected 503 to equal 200",
                "estack": "AssertionError: expected 503 to equal 200\n    at Context.eval (webpack:///./cypress/e2e/APIAutomation/UnitTestScripts/GetAPITestScripts/get_member_details.cy.js:63:42)",
                "diff": "- 503\n+ 200\n"
              },
              "uuid": "25bc2eaa-7341-4ace-bf47-952c8c223944",
              "parentUUID": "4bd6ae2e-af9f-42fc-ba99-5675608927b4",
              "isHook": false,
              "skipped": false
            }
          ],
          "suites": [],
          "passes": [],
          "failures": [
            "ebce9542-746f-4ed8-9423-cc66661f8967",
            "92e0422b-e7d9-4e95-b7d9-f7c054d3a876",
            "780be787-f514-42c8-b96c-7197decb1495",
            "81d2f94f-dd8a-478b-87f4-a6d91fda8209",
            "25bc2eaa-7341-4ace-bf47-952c8c223944"
          ],
          "pending": [],
          "skipped": [],
          "duration": 2133,
          "root": false,
          "rootEmpty": false,
          "_timeout": 2000
        }
      ],
      "passes": [],
      "failures": [],
      "pending": [],
      "skipped": [],
      "duration": 0,
      "root": true,
      "rootEmpty": true,
      "_timeout": 2000
    }
  ],
  "meta": {
    "mocha": {
      "version": "7.0.1"
    },
    "mochawesome": {
      "options": {
        "quiet": false,
        "reportFilename": "mochawesome",
        "saveHtml": false,
        "saveJson": true,
        "consoleReporter": "spec",
        "useInlineDiffs": false,
        "code": true
      },
      "version": "7.1.3"
    },
    "marge": {
      "options": {
        "overwrite": false,
        "html": false,
        "json": true,
        "reportDir": "cypress/reports/html/.jsons"
      },
      "version": "6.2.0"
    }
  }
}