{
  "stats": {
    "suites": 1,
    "tests": 5,
    "passes": 0,
    "pending": 0,
    "failures": 5,
    "start": "2023-08-31T07:24:11.593Z",
    "end": "2023-08-31T07:24:14.247Z",
    "duration": 2654,
    "testsRegistered": 5,
    "passPercent": 0,
    "pendingPercent": 0,
    "other": 0,
    "hasOther": false,
    "skipped": 0,
    "hasSkipped": false
  },
  "results": [
    {
      "uuid": "37645e08-ceb7-4171-b997-17bfc79b6230",
      "title": "",
      "fullFile": "cypress/e2e/APIAutomation/UnitTestScripts/GetAPITestScripts/get_onboarding_status_tracker.cy.js",
      "file": "cypress/e2e/APIAutomation/UnitTestScripts/GetAPITestScripts/get_onboarding_status_tracker.cy.js",
      "beforeHooks": [],
      "afterHooks": [],
      "tests": [],
      "suites": [
        {
          "uuid": "a9701970-68b9-475d-afba-38d3fdec5d6f",
          "title": "Get User QFA List Unit Test Scripts",
          "fullFile": "",
          "file": "",
          "beforeHooks": [],
          "afterHooks": [],
          "tests": [
            {
              "title": "Get User QFA List with Positive Case",
              "fullTitle": "Get User QFA List Unit Test Scripts Get User QFA List with Positive Case",
              "timedOut": null,
              "duration": 409,
              "state": "failed",
              "speed": null,
              "pass": false,
              "fail": true,
              "pending": false,
              "context": "{\n  \"title\": \"cypress-mochawesome-reporter-screenshots\",\n  \"value\": [\n    [\n      \"/get_onboarding_status_tracker.cy.js/Get User QFA List Unit Test Scripts -- Get User QFA List with Positive Case (failed).png\"\n    ]\n  ]\n}",
              "code": "gm.getProfileMethods('GET', qfaListUrl, usercode).then(response => {\n  expect(response.status).to.be.eq(200);\n});",
              "err": {
                "message": "AssertionError: expected 503 to equal 200",
                "estack": "AssertionError: expected 503 to equal 200\n    at Context.eval (webpack:///./cypress/e2e/APIAutomation/UnitTestScripts/GetAPITestScripts/get_onboarding_status_tracker.cy.js:19:42)",
                "diff": "- 503\n+ 200\n"
              },
              "uuid": "205397ae-1c22-4e02-b069-7bfaeb5fb163",
              "parentUUID": "a9701970-68b9-475d-afba-38d3fdec5d6f",
              "isHook": false,
              "skipped": false
            },
            {
              "title": "Get User QFA List with Incorrect Method",
              "fullTitle": "Get User QFA List Unit Test Scripts Get User QFA List with Incorrect Method",
              "timedOut": null,
              "duration": 404,
              "state": "failed",
              "speed": null,
              "pass": false,
              "fail": true,
              "pending": false,
              "context": "{\n  \"title\": \"cypress-mochawesome-reporter-screenshots\",\n  \"value\": [\n    [\n      \"/get_onboarding_status_tracker.cy.js/Get User QFA List Unit Test Scripts -- Get User QFA List with Incorrect Method (failed).png\"\n    ]\n  ]\n}",
              "code": "gm.getProfileMethods('POST', qfaListUrl, usercode).then(response => {\n  expect(response.status).to.be.eq(415);\n  expect(response.body).to.have.property('type').to.be.a('String');\n  expect(response.body).to.have.property('title').to.be.a('String');\n  expect(response.body).to.have.property('title').contain('Unsupported Media Type');\n  expect(response.body).to.have.property('status').to.be.a('number');\n  expect(response.body).to.have.property('traceId').to.be.a('String');\n});",
              "err": {
                "message": "AssertionError: expected 503 to equal 415",
                "estack": "AssertionError: expected 503 to equal 415\n    at Context.eval (webpack:///./cypress/e2e/APIAutomation/UnitTestScripts/GetAPITestScripts/get_onboarding_status_tracker.cy.js:29:42)",
                "diff": "- 503\n+ 415\n"
              },
              "uuid": "b352977d-216f-42b9-922c-373aae8bf2c5",
              "parentUUID": "a9701970-68b9-475d-afba-38d3fdec5d6f",
              "isHook": false,
              "skipped": false
            },
            {
              "title": "Get User QFA List with Invalid Method",
              "fullTitle": "Get User QFA List Unit Test Scripts Get User QFA List with Invalid Method",
              "timedOut": null,
              "duration": 329,
              "state": "failed",
              "speed": null,
              "pass": false,
              "fail": true,
              "pending": false,
              "context": "{\n  \"title\": \"cypress-mochawesome-reporter-screenshots\",\n  \"value\": [\n    [\n      \"/get_onboarding_status_tracker.cy.js/Get User QFA List Unit Test Scripts -- Get User QFA List with Invalid Method (failed).png\"\n    ]\n  ]\n}",
              "code": "gm.getProfileMethods('DEL', qfaListUrl, usercode).then(response => {\n  expect(response.status).to.be.eq(415);\n});",
              "err": {
                "message": "CypressError: `cy.request()` was called with an invalid method: `DEL`. Method can be: `GET`, `POST`, `PUT`, `DELETE`, `PATCH`, `HEAD`, `OPTIONS`, or any other method supported by Node's HTTP parser.\n\nhttps://on.cypress.io/request",
                "estack": "CypressError: `cy.request()` was called with an invalid method: `DEL`. Method can be: `GET`, `POST`, `PUT`, `DELETE`, `PATCH`, `HEAD`, `OPTIONS`, or any other method supported by Node's HTTP parser.\n\nhttps://on.cypress.io/request\n    at Context.request (http://localhost:4200/__cypress/runner/cypress_runner.js:149091:78)\n    at wrapped (http://localhost:4200/__cypress/runner/cypress_runner.js:160808:43)\nFrom Your Spec Code:\n    at Context.ee (webpack:///./node_modules/cypress-plugin-api/dist/support.js:14:2002)",
                "diff": null
              },
              "uuid": "8c26c285-27f9-45dd-a778-7229de82deae",
              "parentUUID": "a9701970-68b9-475d-afba-38d3fdec5d6f",
              "isHook": false,
              "skipped": false
            },
            {
              "title": "Get User QFA List with Incorrect URL",
              "fullTitle": "Get User QFA List Unit Test Scripts Get User QFA List with Incorrect URL",
              "timedOut": null,
              "duration": 577,
              "state": "failed",
              "speed": null,
              "pass": false,
              "fail": true,
              "pending": false,
              "context": "{\n  \"title\": \"cypress-mochawesome-reporter-screenshots\",\n  \"value\": [\n    [\n      \"/get_onboarding_status_tracker.cy.js/Get User QFA List Unit Test Scripts -- Get User QFA List with Incorrect URL (failed).png\"\n    ]\n  ]\n}",
              "code": "gm.getProfileMethods('GET', incorrectqfaListUrl, usercode).then(response => {\n  expect(response.status).to.be.eq(200);\n});",
              "err": {
                "message": "AssertionError: expected 503 to equal 200",
                "estack": "AssertionError: expected 503 to equal 200\n    at Context.eval (webpack:///./cypress/e2e/APIAutomation/UnitTestScripts/GetAPITestScripts/get_onboarding_status_tracker.cy.js:53:42)",
                "diff": "- 503\n+ 200\n"
              },
              "uuid": "e1d968c3-4612-4e9f-943a-610a46be8078",
              "parentUUID": "a9701970-68b9-475d-afba-38d3fdec5d6f",
              "isHook": false,
              "skipped": false
            },
            {
              "title": "Get User QFA List with Invalid URL",
              "fullTitle": "Get User QFA List Unit Test Scripts Get User QFA List with Invalid URL",
              "timedOut": null,
              "duration": 608,
              "state": "failed",
              "speed": null,
              "pass": false,
              "fail": true,
              "pending": false,
              "context": "{\n  \"title\": \"cypress-mochawesome-reporter-screenshots\",\n  \"value\": [\n    [\n      \"/get_onboarding_status_tracker.cy.js/Get User QFA List Unit Test Scripts -- Get User QFA List with Invalid URL (failed).png\"\n    ]\n  ]\n}",
              "code": "gm.getProfileMethods('GET', incorrectqfaListUrl, usercode).then(response => {\n  expect(response.status).to.be.eq(200);\n});",
              "err": {
                "message": "AssertionError: expected 503 to equal 200",
                "estack": "AssertionError: expected 503 to equal 200\n    at Context.eval (webpack:///./cypress/e2e/APIAutomation/UnitTestScripts/GetAPITestScripts/get_onboarding_status_tracker.cy.js:63:42)",
                "diff": "- 503\n+ 200\n"
              },
              "uuid": "3446ab2d-2bbd-4a05-bf86-346325017957",
              "parentUUID": "a9701970-68b9-475d-afba-38d3fdec5d6f",
              "isHook": false,
              "skipped": false
            }
          ],
          "suites": [],
          "passes": [],
          "failures": [
            "205397ae-1c22-4e02-b069-7bfaeb5fb163",
            "b352977d-216f-42b9-922c-373aae8bf2c5",
            "8c26c285-27f9-45dd-a778-7229de82deae",
            "e1d968c3-4612-4e9f-943a-610a46be8078",
            "3446ab2d-2bbd-4a05-bf86-346325017957"
          ],
          "pending": [],
          "skipped": [],
          "duration": 2327,
          "root": false,
          "rootEmpty": false,
          "_timeout": 2000
        }
      ],
      "passes": [],
      "failures": [],
      "pending": [],
      "skipped": [],
      "duration": 0,
      "root": true,
      "rootEmpty": true,
      "_timeout": 2000
    }
  ],
  "meta": {
    "mocha": {
      "version": "7.0.1"
    },
    "mochawesome": {
      "options": {
        "quiet": false,
        "reportFilename": "mochawesome",
        "saveHtml": false,
        "saveJson": true,
        "consoleReporter": "spec",
        "useInlineDiffs": false,
        "code": true
      },
      "version": "7.1.3"
    },
    "marge": {
      "options": {
        "overwrite": false,
        "html": false,
        "json": true,
        "reportDir": "cypress/reports/html/.jsons"
      },
      "version": "6.2.0"
    }
  }
}