{
  "stats": {
    "suites": 1,
    "tests": 5,
    "passes": 0,
    "pending": 0,
    "failures": 5,
    "start": "2023-08-31T07:24:43.231Z",
    "end": "2023-08-31T07:24:45.422Z",
    "duration": 2191,
    "testsRegistered": 5,
    "passPercent": 0,
    "pendingPercent": 0,
    "other": 0,
    "hasOther": false,
    "skipped": 0,
    "hasSkipped": false
  },
  "results": [
    {
      "uuid": "e3e8d87d-4d69-41ca-b197-d95f26a67119",
      "title": "",
      "fullFile": "cypress/e2e/APIAutomation/UnitTestScripts/GetAPITestScripts/get_user_profile.cy.js",
      "file": "cypress/e2e/APIAutomation/UnitTestScripts/GetAPITestScripts/get_user_profile.cy.js",
      "beforeHooks": [],
      "afterHooks": [],
      "tests": [],
      "suites": [
        {
          "uuid": "44b30be6-6384-4dd5-9a00-72082e44d525",
          "title": "Get User Profile Unit Test Scripts",
          "fullFile": "",
          "file": "",
          "beforeHooks": [],
          "afterHooks": [],
          "tests": [
            {
              "title": "Get User Profile with Positive Case",
              "fullTitle": "Get User Profile Unit Test Scripts Get User Profile with Positive Case",
              "timedOut": null,
              "duration": 400,
              "state": "failed",
              "speed": null,
              "pass": false,
              "fail": true,
              "pending": false,
              "context": "{\n  \"title\": \"cypress-mochawesome-reporter-screenshots\",\n  \"value\": [\n    [\n      \"/get_user_profile.cy.js/Get User Profile Unit Test Scripts -- Get User Profile with Positive Case (failed).png\"\n    ]\n  ]\n}",
              "code": "gm.getProfileMethods('GET', userProfileUrl, usercode).then(response => {\n  expect(response.status).to.be.eq(200);\n});",
              "err": {
                "message": "AssertionError: expected 503 to equal 200",
                "estack": "AssertionError: expected 503 to equal 200\n    at Context.eval (webpack:///./cypress/e2e/APIAutomation/UnitTestScripts/GetAPITestScripts/get_user_profile.cy.js:18:42)",
                "diff": "- 503\n+ 200\n"
              },
              "uuid": "0bc3b08a-ed25-48f5-9bd7-098529f3c9c6",
              "parentUUID": "44b30be6-6384-4dd5-9a00-72082e44d525",
              "isHook": false,
              "skipped": false
            },
            {
              "title": "Get User Profile with Incorrect Method",
              "fullTitle": "Get User Profile Unit Test Scripts Get User Profile with Incorrect Method",
              "timedOut": null,
              "duration": 374,
              "state": "failed",
              "speed": null,
              "pass": false,
              "fail": true,
              "pending": false,
              "context": "{\n  \"title\": \"cypress-mochawesome-reporter-screenshots\",\n  \"value\": [\n    [\n      \"/get_user_profile.cy.js/Get User Profile Unit Test Scripts -- Get User Profile with Incorrect Method (failed).png\"\n    ]\n  ]\n}",
              "code": "gm.getProfileMethods('POST', userProfileUrl, usercode).then(response => {\n  expect(response.status).to.be.eq(415);\n  expect(response.body).to.have.property('type').to.be.a('String');\n  expect(response.body).to.have.property('title').to.be.a('String');\n  expect(response.body).to.have.property('title').contain('Unsupported Media Type');\n  expect(response.body).to.have.property('status').to.be.a('number');\n  expect(response.body).to.have.property('traceId').to.be.a('String');\n});",
              "err": {
                "message": "AssertionError: expected 503 to equal 415",
                "estack": "AssertionError: expected 503 to equal 415\n    at Context.eval (webpack:///./cypress/e2e/APIAutomation/UnitTestScripts/GetAPITestScripts/get_user_profile.cy.js:28:42)",
                "diff": "- 503\n+ 415\n"
              },
              "uuid": "d33081a1-0285-4025-b93e-55f0a4596784",
              "parentUUID": "44b30be6-6384-4dd5-9a00-72082e44d525",
              "isHook": false,
              "skipped": false
            },
            {
              "title": "Get User Profile with Invalid Method",
              "fullTitle": "Get User Profile Unit Test Scripts Get User Profile with Invalid Method",
              "timedOut": null,
              "duration": 401,
              "state": "failed",
              "speed": null,
              "pass": false,
              "fail": true,
              "pending": false,
              "context": "{\n  \"title\": \"cypress-mochawesome-reporter-screenshots\",\n  \"value\": [\n    [\n      \"/get_user_profile.cy.js/Get User Profile Unit Test Scripts -- Get User Profile with Invalid Method (failed).png\"\n    ]\n  ]\n}",
              "code": "gm.getProfileMethods('DEL', userProfileUrl, usercode).then(response => {\n  expect(response.status).to.be.eq(415);\n});",
              "err": {
                "message": "CypressError: `cy.request()` was called with an invalid method: `DEL`. Method can be: `GET`, `POST`, `PUT`, `DELETE`, `PATCH`, `HEAD`, `OPTIONS`, or any other method supported by Node's HTTP parser.\n\nhttps://on.cypress.io/request",
                "estack": "CypressError: `cy.request()` was called with an invalid method: `DEL`. Method can be: `GET`, `POST`, `PUT`, `DELETE`, `PATCH`, `HEAD`, `OPTIONS`, or any other method supported by Node's HTTP parser.\n\nhttps://on.cypress.io/request\n    at Context.request (http://localhost:4200/__cypress/runner/cypress_runner.js:149091:78)\n    at wrapped (http://localhost:4200/__cypress/runner/cypress_runner.js:160808:43)\nFrom Your Spec Code:\n    at Context.ee (webpack:///./node_modules/cypress-plugin-api/dist/support.js:14:2002)",
                "diff": null
              },
              "uuid": "99508c54-211b-4329-88fd-f88b3b25a107",
              "parentUUID": "44b30be6-6384-4dd5-9a00-72082e44d525",
              "isHook": false,
              "skipped": false
            },
            {
              "title": "Get User Profile with Incorrect URL",
              "fullTitle": "Get User Profile Unit Test Scripts Get User Profile with Incorrect URL",
              "timedOut": null,
              "duration": 330,
              "state": "failed",
              "speed": null,
              "pass": false,
              "fail": true,
              "pending": false,
              "context": "{\n  \"title\": \"cypress-mochawesome-reporter-screenshots\",\n  \"value\": [\n    [\n      \"/get_user_profile.cy.js/Get User Profile Unit Test Scripts -- Get User Profile with Incorrect URL (failed).png\"\n    ]\n  ]\n}",
              "code": "gm.getProfileMethods('GET', invaliduserProfileUrl, usercode).then(response => {\n  expect(response.status).to.be.eq(200);\n});",
              "err": {
                "message": "ReferenceError: invaliduserProfileUrl is not defined",
                "estack": "ReferenceError: invaliduserProfileUrl is not defined\n    at Context.eval (webpack:///./cypress/e2e/APIAutomation/UnitTestScripts/GetAPITestScripts/get_user_profile.cy.js:50:35)",
                "diff": null
              },
              "uuid": "0acab295-a850-491e-85d1-23191ed0d345",
              "parentUUID": "44b30be6-6384-4dd5-9a00-72082e44d525",
              "isHook": false,
              "skipped": false
            },
            {
              "title": "Get User Profile with Invalid URL",
              "fullTitle": "Get User Profile Unit Test Scripts Get User Profile with Invalid URL",
              "timedOut": null,
              "duration": 323,
              "state": "failed",
              "speed": null,
              "pass": false,
              "fail": true,
              "pending": false,
              "context": "{\n  \"title\": \"cypress-mochawesome-reporter-screenshots\",\n  \"value\": [\n    [\n      \"/get_user_profile.cy.js/Get User Profile Unit Test Scripts -- Get User Profile with Invalid URL (failed).png\"\n    ]\n  ]\n}",
              "code": "gm.getProfileMethods('GET', invaliduserProfileUrl, usercode).then(response => {\n  expect(response.status).to.be.eq(200);\n});",
              "err": {
                "message": "ReferenceError: invaliduserProfileUrl is not defined",
                "estack": "ReferenceError: invaliduserProfileUrl is not defined\n    at Context.eval (webpack:///./cypress/e2e/APIAutomation/UnitTestScripts/GetAPITestScripts/get_user_profile.cy.js:60:35)",
                "diff": null
              },
              "uuid": "ef5bc2f2-e0ea-4a6d-a9f7-0c4ca5636e6d",
              "parentUUID": "44b30be6-6384-4dd5-9a00-72082e44d525",
              "isHook": false,
              "skipped": false
            }
          ],
          "suites": [],
          "passes": [],
          "failures": [
            "0bc3b08a-ed25-48f5-9bd7-098529f3c9c6",
            "d33081a1-0285-4025-b93e-55f0a4596784",
            "99508c54-211b-4329-88fd-f88b3b25a107",
            "0acab295-a850-491e-85d1-23191ed0d345",
            "ef5bc2f2-e0ea-4a6d-a9f7-0c4ca5636e6d"
          ],
          "pending": [],
          "skipped": [],
          "duration": 1828,
          "root": false,
          "rootEmpty": false,
          "_timeout": 2000
        }
      ],
      "passes": [],
      "failures": [],
      "pending": [],
      "skipped": [],
      "duration": 0,
      "root": true,
      "rootEmpty": true,
      "_timeout": 2000
    }
  ],
  "meta": {
    "mocha": {
      "version": "7.0.1"
    },
    "mochawesome": {
      "options": {
        "quiet": false,
        "reportFilename": "mochawesome",
        "saveHtml": false,
        "saveJson": true,
        "consoleReporter": "spec",
        "useInlineDiffs": false,
        "code": true
      },
      "version": "7.1.3"
    },
    "marge": {
      "options": {
        "overwrite": false,
        "html": false,
        "json": true,
        "reportDir": "cypress/reports/html/.jsons"
      },
      "version": "6.2.0"
    }
  }
}