{
  "stats": {
    "suites": 1,
    "tests": 1,
    "passes": 0,
    "pending": 0,
    "failures": 1,
    "start": "2023-08-31T07:24:04.461Z",
    "end": "2023-08-31T07:24:06.202Z",
    "duration": 1741,
    "testsRegistered": 1,
    "passPercent": 0,
    "pendingPercent": 0,
    "other": 0,
    "hasOther": false,
    "skipped": 0,
    "hasSkipped": false
  },
  "results": [
    {
      "uuid": "90042e3e-e1ad-4c30-928b-e4ae845ab629",
      "title": "",
      "fullFile": "cypress/e2e/APIAutomation/UnitTestScripts/GetAPITestScripts/get_all_assigned_customers.cy.js",
      "file": "cypress/e2e/APIAutomation/UnitTestScripts/GetAPITestScripts/get_all_assigned_customers.cy.js",
      "beforeHooks": [],
      "afterHooks": [],
      "tests": [],
      "suites": [
        {
          "uuid": "8294a147-8ca3-449e-972b-3cf96b5aab76",
          "title": "Get All Assigned Customer Details Unit Test Scripts",
          "fullFile": "",
          "file": "",
          "beforeHooks": [],
          "afterHooks": [],
          "tests": [
            {
              "title": "Get All Assigned Customers with Positive case",
              "fullTitle": "Get All Assigned Customer Details Unit Test Scripts Get All Assigned Customers with Positive case",
              "timedOut": null,
              "duration": 1691,
              "state": "failed",
              "speed": null,
              "pass": false,
              "fail": true,
              "pending": false,
              "context": "{\n  \"title\": \"cypress-mochawesome-reporter-screenshots\",\n  \"value\": [\n    [\n      \"/get_all_assigned_customers.cy.js/Get All Assigned Customer Details Unit Test Scripts -- Get All Assigned Customers with Positive case (failed).png\"\n    ]\n  ]\n}",
              "code": "gm.getProfileMethods('GET', allAssignedCustomersUrl, `${_api_end_points.default.userCode}`).then(response => {\n  expect(response.status).to.be.eq(200);\n  console.log(response.body);\n});",
              "err": {
                "message": "AssertionError: expected 503 to equal 200",
                "estack": "AssertionError: expected 503 to equal 200\n    at Context.eval (webpack:///./cypress/e2e/APIAutomation/UnitTestScripts/GetAPITestScripts/get_all_assigned_customers.cy.js:17:38)",
                "diff": "- 503\n+ 200\n"
              },
              "uuid": "12226c5e-7eb3-4dfe-bde2-333ba6ef3d0c",
              "parentUUID": "8294a147-8ca3-449e-972b-3cf96b5aab76",
              "isHook": false,
              "skipped": false
            }
          ],
          "suites": [],
          "passes": [],
          "failures": [
            "12226c5e-7eb3-4dfe-bde2-333ba6ef3d0c"
          ],
          "pending": [],
          "skipped": [],
          "duration": 1691,
          "root": false,
          "rootEmpty": false,
          "_timeout": 2000
        }
      ],
      "passes": [],
      "failures": [],
      "pending": [],
      "skipped": [],
      "duration": 0,
      "root": true,
      "rootEmpty": true,
      "_timeout": 2000
    }
  ],
  "meta": {
    "mocha": {
      "version": "7.0.1"
    },
    "mochawesome": {
      "options": {
        "quiet": false,
        "reportFilename": "mochawesome",
        "saveHtml": false,
        "saveJson": true,
        "consoleReporter": "spec",
        "useInlineDiffs": false,
        "code": true
      },
      "version": "7.1.3"
    },
    "marge": {
      "options": {
        "overwrite": false,
        "html": false,
        "json": true,
        "reportDir": "cypress/reports/html/.jsons"
      },
      "version": "6.2.0"
    }
  }
}