{
  "stats": {
    "suites": 1,
    "tests": 5,
    "passes": 0,
    "pending": 0,
    "failures": 5,
    "start": "2023-08-31T07:24:29.482Z",
    "end": "2023-08-31T07:24:33.120Z",
    "duration": 3638,
    "testsRegistered": 5,
    "passPercent": 0,
    "pendingPercent": 0,
    "other": 0,
    "hasOther": false,
    "skipped": 0,
    "hasSkipped": false
  },
  "results": [
    {
      "uuid": "f38cffb3-824c-44e5-9462-ea718fb4a92a",
      "title": "",
      "fullFile": "cypress/e2e/APIAutomation/UnitTestScripts/GetAPITestScripts/get_user_insurance.cy.js",
      "file": "cypress/e2e/APIAutomation/UnitTestScripts/GetAPITestScripts/get_user_insurance.cy.js",
      "beforeHooks": [],
      "afterHooks": [],
      "tests": [],
      "suites": [
        {
          "uuid": "a4fa0778-c6ca-4894-a939-227621acebff",
          "title": "Get User Insurance Unit Test Scripts",
          "fullFile": "",
          "file": "",
          "beforeHooks": [],
          "afterHooks": [],
          "tests": [
            {
              "title": "Get User Insurance with Positive Case",
              "fullTitle": "Get User Insurance Unit Test Scripts Get User Insurance with Positive Case",
              "timedOut": null,
              "duration": 853,
              "state": "failed",
              "speed": null,
              "pass": false,
              "fail": true,
              "pending": false,
              "context": "{\n  \"title\": \"cypress-mochawesome-reporter-screenshots\",\n  \"value\": [\n    [\n      \"/get_user_insurance.cy.js/Get User Insurance Unit Test Scripts -- Get User Insurance with Positive Case (failed).png\"\n    ]\n  ]\n}",
              "code": "gm.getProfileMethods('GET', userInsuranceUrl, usercode).then(response => {\n  expect(response.status).to.be.eq(200);\n});",
              "err": {
                "message": "AssertionError: expected 503 to equal 200",
                "estack": "AssertionError: expected 503 to equal 200\n    at Context.eval (webpack:///./cypress/e2e/APIAutomation/UnitTestScripts/GetAPITestScripts/get_user_insurance.cy.js:19:42)",
                "diff": "- 503\n+ 200\n"
              },
              "uuid": "99cca238-8a91-40a5-bb33-210b8debb1d6",
              "parentUUID": "a4fa0778-c6ca-4894-a939-227621acebff",
              "isHook": false,
              "skipped": false
            },
            {
              "title": "Get User Insurance with Incorrect Method",
              "fullTitle": "Get User Insurance Unit Test Scripts Get User Insurance with Incorrect Method",
              "timedOut": null,
              "duration": 622,
              "state": "failed",
              "speed": null,
              "pass": false,
              "fail": true,
              "pending": false,
              "context": "{\n  \"title\": \"cypress-mochawesome-reporter-screenshots\",\n  \"value\": [\n    [\n      \"/get_user_insurance.cy.js/Get User Insurance Unit Test Scripts -- Get User Insurance with Incorrect Method (failed).png\"\n    ]\n  ]\n}",
              "code": "gm.getProfileMethods('POST', userInsuranceUrl, usercode).then(response => {\n  expect(response.status).to.be.eq(415);\n  expect(response.body).to.have.property('type').to.be.a('String');\n  expect(response.body).to.have.property('title').to.be.a('String');\n  expect(response.body).to.have.property('title').contain('Unsupported Media Type');\n  expect(response.body).to.have.property('status').to.be.a('number');\n  expect(response.body).to.have.property('traceId').to.be.a('String');\n});",
              "err": {
                "message": "AssertionError: expected 503 to equal 415",
                "estack": "AssertionError: expected 503 to equal 415\n    at Context.eval (webpack:///./cypress/e2e/APIAutomation/UnitTestScripts/GetAPITestScripts/get_user_insurance.cy.js:29:42)",
                "diff": "- 503\n+ 415\n"
              },
              "uuid": "99c3847b-22be-4e7d-85b0-beab5271b015",
              "parentUUID": "a4fa0778-c6ca-4894-a939-227621acebff",
              "isHook": false,
              "skipped": false
            },
            {
              "title": "Get User Insurance with Invalid Method",
              "fullTitle": "Get User Insurance Unit Test Scripts Get User Insurance with Invalid Method",
              "timedOut": null,
              "duration": 469,
              "state": "failed",
              "speed": null,
              "pass": false,
              "fail": true,
              "pending": false,
              "context": "{\n  \"title\": \"cypress-mochawesome-reporter-screenshots\",\n  \"value\": [\n    [\n      \"/get_user_insurance.cy.js/Get User Insurance Unit Test Scripts -- Get User Insurance with Invalid Method (failed).png\"\n    ]\n  ]\n}",
              "code": "gm.getProfileMethods('DEL', userInsuranceUrl, usercode).then(response => {\n  expect(response.status).to.be.eq(415);\n});",
              "err": {
                "message": "CypressError: `cy.request()` was called with an invalid method: `DEL`. Method can be: `GET`, `POST`, `PUT`, `DELETE`, `PATCH`, `HEAD`, `OPTIONS`, or any other method supported by Node's HTTP parser.\n\nhttps://on.cypress.io/request",
                "estack": "CypressError: `cy.request()` was called with an invalid method: `DEL`. Method can be: `GET`, `POST`, `PUT`, `DELETE`, `PATCH`, `HEAD`, `OPTIONS`, or any other method supported by Node's HTTP parser.\n\nhttps://on.cypress.io/request\n    at Context.request (http://localhost:4200/__cypress/runner/cypress_runner.js:149091:78)\n    at wrapped (http://localhost:4200/__cypress/runner/cypress_runner.js:160808:43)\nFrom Your Spec Code:\n    at Context.ee (webpack:///./node_modules/cypress-plugin-api/dist/support.js:14:2002)",
                "diff": null
              },
              "uuid": "236537aa-a10c-41e7-af36-174f8780be3a",
              "parentUUID": "a4fa0778-c6ca-4894-a939-227621acebff",
              "isHook": false,
              "skipped": false
            },
            {
              "title": "Get User Insurance with Incorrect URL",
              "fullTitle": "Get User Insurance Unit Test Scripts Get User Insurance with Incorrect URL",
              "timedOut": null,
              "duration": 647,
              "state": "failed",
              "speed": null,
              "pass": false,
              "fail": true,
              "pending": false,
              "context": "{\n  \"title\": \"cypress-mochawesome-reporter-screenshots\",\n  \"value\": [\n    [\n      \"/get_user_insurance.cy.js/Get User Insurance Unit Test Scripts -- Get User Insurance with Incorrect URL (failed).png\"\n    ]\n  ]\n}",
              "code": "gm.getProfileMethods('GET', incorrectuserInsuranceUrl, usercode).then(response => {\n  expect(response.status).to.be.eq(200);\n});",
              "err": {
                "message": "AssertionError: expected 503 to equal 200",
                "estack": "AssertionError: expected 503 to equal 200\n    at Context.eval (webpack:///./cypress/e2e/APIAutomation/UnitTestScripts/GetAPITestScripts/get_user_insurance.cy.js:53:42)",
                "diff": "- 503\n+ 200\n"
              },
              "uuid": "8cdf0436-79d0-4e02-9326-e7d4d714673b",
              "parentUUID": "a4fa0778-c6ca-4894-a939-227621acebff",
              "isHook": false,
              "skipped": false
            },
            {
              "title": "Get User Insurance with Invalid URL",
              "fullTitle": "Get User Insurance Unit Test Scripts Get User Insurance with Invalid URL",
              "timedOut": null,
              "duration": 559,
              "state": "failed",
              "speed": null,
              "pass": false,
              "fail": true,
              "pending": false,
              "context": "{\n  \"title\": \"cypress-mochawesome-reporter-screenshots\",\n  \"value\": [\n    [\n      \"/get_user_insurance.cy.js/Get User Insurance Unit Test Scripts -- Get User Insurance with Invalid URL (failed).png\"\n    ]\n  ]\n}",
              "code": "gm.getProfileMethods('GET', incorrectuserInsuranceUrl, usercode).then(response => {\n  expect(response.status).to.be.eq(200);\n});",
              "err": {
                "message": "AssertionError: expected 503 to equal 200",
                "estack": "AssertionError: expected 503 to equal 200\n    at Context.eval (webpack:///./cypress/e2e/APIAutomation/UnitTestScripts/GetAPITestScripts/get_user_insurance.cy.js:63:42)",
                "diff": "- 503\n+ 200\n"
              },
              "uuid": "06be596a-cfc8-4023-b9a3-a9e6e2b662ea",
              "parentUUID": "a4fa0778-c6ca-4894-a939-227621acebff",
              "isHook": false,
              "skipped": false
            }
          ],
          "suites": [],
          "passes": [],
          "failures": [
            "99cca238-8a91-40a5-bb33-210b8debb1d6",
            "99c3847b-22be-4e7d-85b0-beab5271b015",
            "236537aa-a10c-41e7-af36-174f8780be3a",
            "8cdf0436-79d0-4e02-9326-e7d4d714673b",
            "06be596a-cfc8-4023-b9a3-a9e6e2b662ea"
          ],
          "pending": [],
          "skipped": [],
          "duration": 3150,
          "root": false,
          "rootEmpty": false,
          "_timeout": 2000
        }
      ],
      "passes": [],
      "failures": [],
      "pending": [],
      "skipped": [],
      "duration": 0,
      "root": true,
      "rootEmpty": true,
      "_timeout": 2000
    }
  ],
  "meta": {
    "mocha": {
      "version": "7.0.1"
    },
    "mochawesome": {
      "options": {
        "quiet": false,
        "reportFilename": "mochawesome",
        "saveHtml": false,
        "saveJson": true,
        "consoleReporter": "spec",
        "useInlineDiffs": false,
        "code": true
      },
      "version": "7.1.3"
    },
    "marge": {
      "options": {
        "overwrite": false,
        "html": false,
        "json": true,
        "reportDir": "cypress/reports/html/.jsons"
      },
      "version": "6.2.0"
    }
  }
}