{
  "stats": {
    "suites": 1,
    "tests": 5,
    "passes": 0,
    "pending": 0,
    "failures": 5,
    "start": "2023-08-31T07:24:15.979Z",
    "end": "2023-08-31T07:24:18.731Z",
    "duration": 2752,
    "testsRegistered": 5,
    "passPercent": 0,
    "pendingPercent": 0,
    "other": 0,
    "hasOther": false,
    "skipped": 0,
    "hasSkipped": false
  },
  "results": [
    {
      "uuid": "d0f2ce7d-54c9-4edb-8ca3-3626e1101c34",
      "title": "",
      "fullFile": "cypress/e2e/APIAutomation/UnitTestScripts/GetAPITestScripts/get_qfa_list.cy.js",
      "file": "cypress/e2e/APIAutomation/UnitTestScripts/GetAPITestScripts/get_qfa_list.cy.js",
      "beforeHooks": [],
      "afterHooks": [],
      "tests": [],
      "suites": [
        {
          "uuid": "d29e7ba1-a3a4-4040-8683-b81fc30b78a1",
          "title": "Get User QFA List Unit Test Scripts",
          "fullFile": "",
          "file": "",
          "beforeHooks": [],
          "afterHooks": [],
          "tests": [
            {
              "title": "Get User QFA List with Positive Case",
              "fullTitle": "Get User QFA List Unit Test Scripts Get User QFA List with Positive Case",
              "timedOut": null,
              "duration": 459,
              "state": "failed",
              "speed": null,
              "pass": false,
              "fail": true,
              "pending": false,
              "context": "{\n  \"title\": \"cypress-mochawesome-reporter-screenshots\",\n  \"value\": [\n    [\n      \"/get_qfa_list.cy.js/Get User QFA List Unit Test Scripts -- Get User QFA List with Positive Case (failed).png\"\n    ]\n  ]\n}",
              "code": "gm.getProfileMethods('GET', qfaListUrl, usercode).then(response => {\n  expect(response.status).to.be.eq(200);\n});",
              "err": {
                "message": "AssertionError: expected 503 to equal 200",
                "estack": "AssertionError: expected 503 to equal 200\n    at Context.eval (webpack:///./cypress/e2e/APIAutomation/UnitTestScripts/GetAPITestScripts/get_qfa_list.cy.js:19:42)",
                "diff": "- 503\n+ 200\n"
              },
              "uuid": "31ba2dff-e96e-48e4-bc23-b2e6dd52809f",
              "parentUUID": "d29e7ba1-a3a4-4040-8683-b81fc30b78a1",
              "isHook": false,
              "skipped": false
            },
            {
              "title": "Get User QFA List with Incorrect Method",
              "fullTitle": "Get User QFA List Unit Test Scripts Get User QFA List with Incorrect Method",
              "timedOut": null,
              "duration": 409,
              "state": "failed",
              "speed": null,
              "pass": false,
              "fail": true,
              "pending": false,
              "context": "{\n  \"title\": \"cypress-mochawesome-reporter-screenshots\",\n  \"value\": [\n    [\n      \"/get_qfa_list.cy.js/Get User QFA List Unit Test Scripts -- Get User QFA List with Incorrect Method (failed).png\"\n    ]\n  ]\n}",
              "code": "gm.getProfileMethods('POST', qfaListUrl, usercode).then(response => {\n  expect(response.status).to.be.eq(415);\n  expect(response.body).to.have.property('type').to.be.a('String');\n  expect(response.body).to.have.property('title').to.be.a('String');\n  expect(response.body).to.have.property('title').contain('Unsupported Media Type');\n  expect(response.body).to.have.property('status').to.be.a('number');\n  expect(response.body).to.have.property('traceId').to.be.a('String');\n});",
              "err": {
                "message": "AssertionError: expected 503 to equal 415",
                "estack": "AssertionError: expected 503 to equal 415\n    at Context.eval (webpack:///./cypress/e2e/APIAutomation/UnitTestScripts/GetAPITestScripts/get_qfa_list.cy.js:29:42)",
                "diff": "- 503\n+ 415\n"
              },
              "uuid": "bae7130d-84c4-49ce-a6f5-0776a929e597",
              "parentUUID": "d29e7ba1-a3a4-4040-8683-b81fc30b78a1",
              "isHook": false,
              "skipped": false
            },
            {
              "title": "Get User QFA List with Invalid Method",
              "fullTitle": "Get User QFA List Unit Test Scripts Get User QFA List with Invalid Method",
              "timedOut": null,
              "duration": 401,
              "state": "failed",
              "speed": null,
              "pass": false,
              "fail": true,
              "pending": false,
              "context": "{\n  \"title\": \"cypress-mochawesome-reporter-screenshots\",\n  \"value\": [\n    [\n      \"/get_qfa_list.cy.js/Get User QFA List Unit Test Scripts -- Get User QFA List with Invalid Method (failed).png\"\n    ]\n  ]\n}",
              "code": "gm.getProfileMethods('DEL', qfaListUrl, usercode).then(response => {\n  expect(response.status).to.be.eq(415);\n});",
              "err": {
                "message": "CypressError: `cy.request()` was called with an invalid method: `DEL`. Method can be: `GET`, `POST`, `PUT`, `DELETE`, `PATCH`, `HEAD`, `OPTIONS`, or any other method supported by Node's HTTP parser.\n\nhttps://on.cypress.io/request",
                "estack": "CypressError: `cy.request()` was called with an invalid method: `DEL`. Method can be: `GET`, `POST`, `PUT`, `DELETE`, `PATCH`, `HEAD`, `OPTIONS`, or any other method supported by Node's HTTP parser.\n\nhttps://on.cypress.io/request\n    at Context.request (http://localhost:4200/__cypress/runner/cypress_runner.js:149091:78)\n    at wrapped (http://localhost:4200/__cypress/runner/cypress_runner.js:160808:43)\nFrom Your Spec Code:\n    at Context.ee (webpack:///./node_modules/cypress-plugin-api/dist/support.js:14:2002)",
                "diff": null
              },
              "uuid": "eece8513-062e-4d2c-8586-055e2e470e6f",
              "parentUUID": "d29e7ba1-a3a4-4040-8683-b81fc30b78a1",
              "isHook": false,
              "skipped": false
            },
            {
              "title": "Get User QFA List with Incorrect URL",
              "fullTitle": "Get User QFA List Unit Test Scripts Get User QFA List with Incorrect URL",
              "timedOut": null,
              "duration": 572,
              "state": "failed",
              "speed": null,
              "pass": false,
              "fail": true,
              "pending": false,
              "context": "{\n  \"title\": \"cypress-mochawesome-reporter-screenshots\",\n  \"value\": [\n    [\n      \"/get_qfa_list.cy.js/Get User QFA List Unit Test Scripts -- Get User QFA List with Incorrect URL (failed).png\"\n    ]\n  ]\n}",
              "code": "gm.getProfileMethods('GET', incorrectqfaListUrl, usercode).then(response => {\n  expect(response.status).to.be.eq(200);\n});",
              "err": {
                "message": "AssertionError: expected 503 to equal 200",
                "estack": "AssertionError: expected 503 to equal 200\n    at Context.eval (webpack:///./cypress/e2e/APIAutomation/UnitTestScripts/GetAPITestScripts/get_qfa_list.cy.js:53:42)",
                "diff": "- 503\n+ 200\n"
              },
              "uuid": "d60112c3-3798-477e-a9b3-7e9aaf88af03",
              "parentUUID": "d29e7ba1-a3a4-4040-8683-b81fc30b78a1",
              "isHook": false,
              "skipped": false
            },
            {
              "title": "Get User QFA List with Invalid URL",
              "fullTitle": "Get User QFA List Unit Test Scripts Get User QFA List with Invalid URL",
              "timedOut": null,
              "duration": 604,
              "state": "failed",
              "speed": null,
              "pass": false,
              "fail": true,
              "pending": false,
              "context": "{\n  \"title\": \"cypress-mochawesome-reporter-screenshots\",\n  \"value\": [\n    [\n      \"/get_qfa_list.cy.js/Get User QFA List Unit Test Scripts -- Get User QFA List with Invalid URL (failed).png\"\n    ]\n  ]\n}",
              "code": "gm.getProfileMethods('GET', incorrectqfaListUrl, usercode).then(response => {\n  expect(response.status).to.be.eq(200);\n});",
              "err": {
                "message": "AssertionError: expected 503 to equal 200",
                "estack": "AssertionError: expected 503 to equal 200\n    at Context.eval (webpack:///./cypress/e2e/APIAutomation/UnitTestScripts/GetAPITestScripts/get_qfa_list.cy.js:63:42)",
                "diff": "- 503\n+ 200\n"
              },
              "uuid": "23dd0a94-b36c-4e1c-91db-360e6d2434a8",
              "parentUUID": "d29e7ba1-a3a4-4040-8683-b81fc30b78a1",
              "isHook": false,
              "skipped": false
            }
          ],
          "suites": [],
          "passes": [],
          "failures": [
            "31ba2dff-e96e-48e4-bc23-b2e6dd52809f",
            "bae7130d-84c4-49ce-a6f5-0776a929e597",
            "eece8513-062e-4d2c-8586-055e2e470e6f",
            "d60112c3-3798-477e-a9b3-7e9aaf88af03",
            "23dd0a94-b36c-4e1c-91db-360e6d2434a8"
          ],
          "pending": [],
          "skipped": [],
          "duration": 2445,
          "root": false,
          "rootEmpty": false,
          "_timeout": 2000
        }
      ],
      "passes": [],
      "failures": [],
      "pending": [],
      "skipped": [],
      "duration": 0,
      "root": true,
      "rootEmpty": true,
      "_timeout": 2000
    }
  ],
  "meta": {
    "mocha": {
      "version": "7.0.1"
    },
    "mochawesome": {
      "options": {
        "quiet": false,
        "reportFilename": "mochawesome",
        "saveHtml": false,
        "saveJson": true,
        "consoleReporter": "spec",
        "useInlineDiffs": false,
        "code": true
      },
      "version": "7.1.3"
    },
    "marge": {
      "options": {
        "overwrite": false,
        "html": false,
        "json": true,
        "reportDir": "cypress/reports/html/.jsons"
      },
      "version": "6.2.0"
    }
  }
}